<?xml version="1.0" encoding="UTF-8"?>
<testng-results skipped="0" failed="0" total="1" passed="1">
  <reporter-output>
  </reporter-output>
  <suite name="Suite" duration-ms="55720" started-at="2017-08-30T09:34:07Z" finished-at="2017-08-30T09:35:03Z">
    <groups>
    </groups>
    <test name="Test" duration-ms="55720" started-at="2017-08-30T09:34:07Z" finished-at="2017-08-30T09:35:03Z">
      <class name="com.mas.TestCases.TC_Demo">
        <test-method status="PASS" signature="initialize(java.lang.String)[pri:0, instance:com.mas.TestCases.TC_Demo@1b6d4ae]" name="initialize" is-config="true" duration-ms="51131" started-at="2017-08-30T15:04:07Z" finished-at="2017-08-30T15:04:58Z">
          <params>
            <param index="0">
              <value>
                <![CDATA[chrome]]>
              </value>
            </param>
          </params>
          <reporter-output>
          </reporter-output>
        </test-method> <!-- initialize -->
        <test-method status="PASS" signature="NavigateToHomePage()[pri:0, instance:com.mas.TestCases.TC_Demo@1b6d4ae]" name="NavigateToHomePage" duration-ms="4319" started-at="2017-08-30T15:04:59Z" finished-at="2017-08-30T15:05:03Z">
          <reporter-output>
          </reporter-output>
        </test-method> <!-- NavigateToHomePage -->
      </class> <!-- com.mas.TestCases.TC_Demo -->
    </test> <!-- Test -->
  </suite> <!-- Suite -->
</testng-results>
